2026-06-02 10:40:12,717 | INFO | 📦 加载训练面板...
2026-06-02 10:47:08,832 | INFO | 📊 特征提取完成 | 数量: 242 | 包含模型: ['ElasticNet', 'XGBoost', 'LightGBM', 'OptSharpe', 'BuyAndHoldAll']
2026-06-02 10:48:16,343 | INFO | BacktestEngine 初始化完成 | 模型: ['ElasticNet', 'XGBoost', 'LightGBM', 'OptSharpe', 'BuyAndHoldAll'] | 样本数: 6425330| 手续费率: 0.0200%
2026-06-02 10:48:16,701 | INFO | 🚀 启动回测 | 交易日: 1940 | 模型: ['ElasticNet', 'XGBoost', 'LightGBM', 'OptSharpe', 'BuyAndHoldAll']
2026-06-02 10:48:17,070 | INFO | 📦 BuyAndHoldAll 基线已建仓 | 标的数: 2054
2026-06-02 11:36:15,281 | INFO | 🔧 ML模型重训完成 | 样本: 3344949
2026-06-02 11:36:17,180 | INFO | 📊 进度: 2020-12-14 | 现金(EN): 549,501
2026-06-02 11:36:19,769 | INFO | 📊 进度: 2021-03-02 | 现金(EN): 488,214
2026-06-02 11:36:25,460 | INFO | 📊 进度: 2021-05-17 | 现金(EN): 476,347
2026-06-02 11:36:32,455 | INFO | 📊 进度: 2021-07-27 | 现金(EN): 336,096
2026-06-02 12:15:59,156 | INFO | 🔧 ML模型重训完成 | 样本: 3604786
2026-06-02 12:16:02,015 | INFO | 📊 进度: 2021-10-14 | 现金(EN): 176,050
2026-06-02 12:16:06,964 | INFO | 📊 进度: 2021-12-23 | 现金(EN): 513,266
2026-06-02 12:16:12,218 | INFO | 📊 进度: 2022-03-11 | 现金(EN): 539,999
2026-06-02 12:16:16,080 | INFO | 📊 进度: 2022-05-27 | 现金(EN): 440,079
2026-06-02 12:54:56,721 | INFO | 🔧 ML模型重训完成 | 样本: 3889353
2026-06-02 12:55:04,082 | INFO | 📊 进度: 2022-08-08 | 现金(EN): 434,825
2026-06-02 12:55:18,437 | INFO | 📊 进度: 2022-10-25 | 现金(EN): 486,861
2026-06-02 12:55:23,569 | INFO | 📊 进度: 2023-01-04 | 现金(EN): 550,763
2026-06-02 13:39:00,796 | INFO | 🔧 ML模型重训完成 | 样本: 4213027
2026-06-02 13:39:08,470 | INFO | 📊 进度: 2023-03-22 | 现金(EN): 552,464
2026-06-02 13:39:17,761 | INFO | 📊 进度: 2023-06-06 | 现金(EN): 311,025
2026-06-02 13:39:23,236 | INFO | 📊 进度: 2023-08-17 | 现金(EN): 354,831
2026-06-02 13:39:39,725 | INFO | 📊 进度: 2023-11-03 | 现金(EN): 332,965
2026-06-02 14:22:58,166 | INFO | 🔧 ML模型重训完成 | 样本: 4523319
2026-06-02 14:22:59,989 | INFO | 📝 ElasticNet 交易明细已保存: /data/cye_temp/workspace/backtest_engine/log/trades_ElasticNet.csv
2026-06-02 14:23:00,009 | INFO | 📝 XGBoost 交易明细已保存: /data/cye_temp/workspace/backtest_engine/log/trades_XGBoost.csv
2026-06-02 14:23:00,029 | INFO | 📝 LightGBM 交易明细已保存: /data/cye_temp/workspace/backtest_engine/log/trades_LightGBM.csv
2026-06-02 14:23:00,044 | INFO | 📝 OptSharpe 交易明细已保存: /data/cye_temp/workspace/backtest_engine/log/trades_OptSharpe.csv
2026-06-02 14:23:00,053 | INFO | 📝 BuyAndHoldAll 交易明细已保存: /data/cye_temp/workspace/backtest_engine/log/trades_BuyAndHoldAll.csv
2026-06-02 14:23:00,053 | INFO | 📊 生成图表...
2026-06-02 14:23:01,608 | INFO | ✅ 全部完成
