2026-06-02 02:10:05,087 | INFO | 📦 加载训练面板...
2026-06-02 02:12:03,822 | INFO | 📊 特征提取完成 | 数量: 242 | 包含模型: ['ElasticNet', 'XGBoost', 'LightGBM', 'OptSharpe', 'BuyAndHoldAll']
2026-06-02 02:12:15,595 | INFO | BacktestEngine 初始化完成 | 模型: ['ElasticNet', 'XGBoost', 'LightGBM', 'OptSharpe', 'BuyAndHoldAll'] | 样本数: 6425330| 手续费率: 0.0200%
2026-06-02 02:12:15,700 | INFO | 🚀 启动回测 | 交易日: 1940 | 模型: ['ElasticNet', 'XGBoost', 'LightGBM', 'OptSharpe', 'BuyAndHoldAll']
2026-06-02 02:12:15,823 | INFO | 📦 BuyAndHoldAll 基线已建仓 | 标的数: 2054
2026-06-02 02:21:26,684 | INFO | 🔧 ML模型重训完成 | 样本: 3344949
2026-06-02 02:21:27,151 | INFO | 📊 进度: 2020-12-14 | 现金(EN): 549,501
2026-06-02 02:21:28,019 | INFO | 📊 进度: 2021-03-02 | 现金(EN): 19,679
2026-06-02 02:21:29,375 | INFO | 📊 进度: 2021-05-17 | 现金(EN): 94,430
2026-06-02 02:21:30,787 | INFO | 📊 进度: 2021-07-27 | 现金(EN): 94,430
2026-06-02 02:31:17,658 | INFO | 🔧 ML模型重训完成 | 样本: 3604786
2026-06-02 02:31:18,253 | INFO | 📊 进度: 2021-10-14 | 现金(EN): 94,430
2026-06-02 02:31:19,642 | INFO | 📊 进度: 2021-12-23 | 现金(EN): 94,430
2026-06-02 02:31:21,133 | INFO | 📊 进度: 2022-03-11 | 现金(EN): 85,572
2026-06-02 02:31:22,140 | INFO | 📊 进度: 2022-05-27 | 现金(EN): 85,572
2026-06-02 02:41:53,477 | INFO | 🔧 ML模型重训完成 | 样本: 3889353
2026-06-02 02:41:54,980 | INFO | 📊 进度: 2022-08-08 | 现金(EN): 25,025
2026-06-02 02:41:56,632 | INFO | 📊 进度: 2022-10-25 | 现金(EN): 25,025
2026-06-02 02:41:57,764 | INFO | 📊 进度: 2023-01-04 | 现金(EN): 21,455
2026-06-02 02:53:21,475 | INFO | 🔧 ML模型重训完成 | 样本: 4213027
2026-06-02 02:53:22,228 | INFO | 📊 进度: 2023-03-22 | 现金(EN): 2,811
2026-06-02 02:53:24,035 | INFO | 📊 进度: 2023-06-06 | 现金(EN): 26,298
2026-06-02 02:53:25,207 | INFO | 📊 进度: 2023-08-17 | 现金(EN): 26,298
2026-06-02 02:53:27,132 | INFO | 📊 进度: 2023-11-03 | 现金(EN): 26,298
2026-06-02 03:05:45,672 | INFO | 🔧 ML模型重训完成 | 样本: 4523319
2026-06-02 03:05:46,729 | INFO | 📊 生成图表...
2026-06-02 03:05:47,644 | INFO | ✅ 全部完成
