2026-06-02 10:37:18,632 | INFO | 📦 加载训练面板...
2026-06-02 10:41:28,581 | INFO | 📊 特征提取完成 | 数量: 242 | 包含模型: ['ElasticNet', 'XGBoost', 'LightGBM', 'OptSharpe', 'BuyAndHoldAll']
2026-06-02 10:41:56,648 | INFO | BacktestEngine 初始化完成 | 模型: ['ElasticNet', 'XGBoost', 'LightGBM', 'OptSharpe', 'BuyAndHoldAll'] | 样本数: 6425330| 手续费率: 0.0200%
2026-06-02 10:41:56,840 | INFO | 🚀 启动回测 | 交易日: 1940 | 模型: ['ElasticNet', 'XGBoost', 'LightGBM', 'OptSharpe', 'BuyAndHoldAll']
2026-06-02 10:41:57,137 | INFO | 📦 BuyAndHoldAll 基线已建仓 | 标的数: 2054
2026-06-02 11:30:11,370 | INFO | 🔧 ML模型重训完成 | 样本: 3344949
2026-06-02 11:30:13,209 | INFO | 📊 进度: 2020-12-14 | 现金(EN): 549,501
2026-06-02 11:30:16,753 | INFO | 📊 进度: 2021-03-02 | 现金(EN): 488,214
2026-06-02 11:30:23,463 | INFO | 📊 进度: 2021-05-17 | 现金(EN): 476,347
2026-06-02 11:30:29,777 | INFO | 📊 进度: 2021-07-27 | 现金(EN): 336,096
2026-06-02 12:10:26,881 | INFO | 🔧 ML模型重训完成 | 样本: 3604786
2026-06-02 12:10:28,394 | INFO | 📊 进度: 2021-10-14 | 现金(EN): 176,050
2026-06-02 12:10:32,377 | INFO | 📊 进度: 2021-12-23 | 现金(EN): 513,266
2026-06-02 12:10:37,612 | INFO | 📊 进度: 2022-03-11 | 现金(EN): 539,999
2026-06-02 12:10:40,536 | INFO | 📊 进度: 2022-05-27 | 现金(EN): 440,079
2026-06-02 12:48:08,639 | INFO | 🔧 ML模型重训完成 | 样本: 3889353
2026-06-02 12:48:17,309 | INFO | 📊 进度: 2022-08-08 | 现金(EN): 434,825
2026-06-02 12:48:28,148 | INFO | 📊 进度: 2022-10-25 | 现金(EN): 486,861
2026-06-02 12:48:37,464 | INFO | 📊 进度: 2023-01-04 | 现金(EN): 550,763
2026-06-02 13:33:14,244 | INFO | 🔧 ML模型重训完成 | 样本: 4213027
2026-06-02 13:33:18,796 | INFO | 📊 进度: 2023-03-22 | 现金(EN): 552,464
2026-06-02 13:33:26,659 | INFO | 📊 进度: 2023-06-06 | 现金(EN): 311,025
2026-06-02 13:33:31,173 | INFO | 📊 进度: 2023-08-17 | 现金(EN): 354,831
2026-06-02 13:33:39,371 | INFO | 📊 进度: 2023-11-03 | 现金(EN): 332,965
2026-06-02 14:19:26,631 | INFO | 🔧 ML模型重训完成 | 样本: 4523319
2026-06-02 14:19:32,176 | INFO | 📝 ElasticNet 交易明细已保存: /data/cye_temp/workspace/backtest_engine/log/trades_ElasticNet.csv
2026-06-02 14:19:32,196 | INFO | 📝 XGBoost 交易明细已保存: /data/cye_temp/workspace/backtest_engine/log/trades_XGBoost.csv
2026-06-02 14:19:32,216 | INFO | 📝 LightGBM 交易明细已保存: /data/cye_temp/workspace/backtest_engine/log/trades_LightGBM.csv
2026-06-02 14:19:32,232 | INFO | 📝 OptSharpe 交易明细已保存: /data/cye_temp/workspace/backtest_engine/log/trades_OptSharpe.csv
2026-06-02 14:19:32,241 | INFO | 📝 BuyAndHoldAll 交易明细已保存: /data/cye_temp/workspace/backtest_engine/log/trades_BuyAndHoldAll.csv
2026-06-02 14:19:32,241 | INFO | 📊 生成图表...
2026-06-02 14:19:34,092 | INFO | ✅ 全部完成
