2026-06-01 02:19:25,376 | INFO | 📦 加载训练面板...
2026-06-01 02:21:23,765 | INFO | 📊 特征提取完成 | 数量: 242 | 包含模型: ['ElasticNet', 'XGBoost', 'LightGBM', 'OptSharpe']
2026-06-01 02:21:35,570 | INFO | 🚀 启动回测 | 交易日: 1940 | 特征数: 242
2026-06-01 02:21:56,961 | INFO | 🔧 ML模型重训完成 | 样本: 377988
2026-06-01 02:21:58,043 | INFO | 📊 进度: 2016-11-07 | 现金: 13,205
2026-06-01 02:22:19,079 | INFO | 🔧 ML模型重训完成 | 样本: 397249
2026-06-01 02:22:41,393 | INFO | 🔧 ML模型重训完成 | 样本: 403746
2026-06-01 02:22:42,023 | INFO | 📊 进度: 2017-01-17 | 现金: 104,715
2026-06-01 02:23:04,602 | INFO | 🔧 ML模型重训完成 | 样本: 410897
2026-06-01 02:23:27,869 | INFO | 🔧 ML模型重训完成 | 样本: 416706
2026-06-01 02:23:28,037 | INFO | 📊 进度: 2017-04-06 | 现金: 16,118
2026-06-01 02:23:51,399 | INFO | 🔧 ML模型重训完成 | 样本: 420315
2026-06-01 02:23:52,521 | INFO | 📊 进度: 2017-06-20 | 现金: 16,118
2026-06-01 02:24:14,759 | INFO | 🔧 ML模型重训完成 | 样本: 421865
2026-06-01 02:24:38,456 | INFO | 🔧 ML模型重训完成 | 样本: 423445
2026-06-01 02:24:39,137 | INFO | 📊 进度: 2017-08-29 | 现金: 16,118
2026-06-01 02:25:02,185 | INFO | 🔧 ML模型重训完成 | 样本: 426945
2026-06-01 02:25:26,631 | INFO | 🔧 ML模型重训完成 | 样本: 431774
2026-06-01 02:25:26,851 | INFO | 📊 进度: 2017-11-14 | 现金: 16,118
2026-06-01 02:25:50,770 | INFO | 🔧 ML模型重训完成 | 样本: 437826
2026-06-01 02:25:52,050 | INFO | 📊 进度: 2018-01-24 | 现金: 16,118
2026-06-01 02:26:15,405 | INFO | 🔧 ML模型重训完成 | 样本: 445248
2026-06-01 02:26:40,322 | INFO | 🔧 ML模型重训完成 | 样本: 453968
2026-06-01 02:26:41,132 | INFO | 📊 进度: 2018-04-13 | 现金: 3,391
2026-06-01 02:27:06,104 | INFO | 🔧 ML模型重训完成 | 样本: 464307
2026-06-01 02:27:32,437 | INFO | 🔧 ML模型重训完成 | 样本: 474003
2026-06-01 02:27:32,651 | INFO | 📊 进度: 2018-06-27 | 现金: 27,311
2026-06-01 02:27:59,455 | INFO | 🔧 ML模型重训完成 | 样本: 483871
2026-06-01 02:28:01,037 | INFO | 📊 进度: 2018-09-05 | 现金: 320
2026-06-01 02:28:27,016 | INFO | 🔧 ML模型重训完成 | 样本: 495773
2026-06-01 02:28:55,158 | INFO | 🔧 ML模型重训完成 | 样本: 508585
2026-06-01 02:28:56,151 | INFO | 📊 进度: 2018-11-22 | 现金: 2,150
2026-06-01 02:29:23,567 | INFO | 🔧 ML模型重训完成 | 样本: 522741
2026-06-01 02:29:53,104 | INFO | 🔧 ML模型重训完成 | 样本: 536273
2026-06-01 02:29:53,435 | INFO | 📊 进度: 2019-02-11 | 现金: 22,055
2026-06-01 02:30:23,074 | INFO | 🔧 ML模型重训完成 | 样本: 548879
2026-06-01 02:30:24,944 | INFO | 📊 进度: 2019-04-23 | 现金: 4,407
2026-06-01 02:30:53,616 | INFO | 🔧 ML模型重训完成 | 样本: 559367
2026-06-01 02:31:24,217 | INFO | 🔧 ML模型重训完成 | 样本: 564448
2026-06-01 02:31:25,372 | INFO | 📊 进度: 2019-07-08 | 现金: 5,649
2026-06-01 02:31:55,927 | INFO | 🔧 ML模型重训完成 | 样本: 567545
2026-06-01 02:32:26,482 | INFO | 🔧 ML模型重训完成 | 样本: 569848
2026-06-01 02:32:26,900 | INFO | 📊 进度: 2019-09-17 | 现金: 4,202
2026-06-01 02:32:57,415 | INFO | 🔧 ML模型重训完成 | 样本: 572293
2026-06-01 02:32:59,371 | INFO | 📊 进度: 2019-12-03 | 现金: 2,149
2026-06-01 02:33:27,805 | INFO | 🔧 ML模型重训完成 | 样本: 575120
2026-06-01 02:33:58,638 | INFO | 🔧 ML模型重训完成 | 样本: 577939
2026-06-01 02:33:59,731 | INFO | 📊 进度: 2020-02-20 | 现金: 5,340
2026-06-01 02:34:29,044 | INFO | 🔧 ML模型重训完成 | 样本: 583473
2026-06-01 02:35:00,144 | INFO | 🔧 ML模型重训完成 | 样本: 588939
2026-06-01 02:35:00,506 | INFO | 📊 进度: 2020-05-06 | 现金: 3,225
2026-06-01 02:35:31,728 | INFO | 🔧 ML模型重训完成 | 样本: 592598
2026-06-01 02:35:33,697 | INFO | 📊 进度: 2020-07-17 | 现金: 3,003
2026-06-01 02:36:02,738 | INFO | 🔧 ML模型重训完成 | 样本: 594903
2026-06-01 02:36:33,830 | INFO | 🔧 ML模型重训完成 | 样本: 597563
2026-06-01 02:36:35,111 | INFO | 📊 进度: 2020-09-25 | 现金: 2,093
2026-06-01 02:37:05,230 | INFO | 🔧 ML模型重训完成 | 样本: 601004
2026-06-01 02:37:37,599 | INFO | 🔧 ML模型重训完成 | 样本: 604850
2026-06-01 02:37:37,983 | INFO | 📊 进度: 2020-12-14 | 现金: 928
2026-06-01 02:38:10,073 | INFO | 🔧 ML模型重训完成 | 样本: 609459
2026-06-01 02:38:12,355 | INFO | 📊 进度: 2021-03-02 | 现金: 928
2026-06-01 02:38:42,577 | INFO | 🔧 ML模型重训完成 | 样本: 615547
2026-06-01 02:39:15,679 | INFO | 🔧 ML模型重训完成 | 样本: 622080
2026-06-01 02:39:16,947 | INFO | 📊 进度: 2021-05-17 | 现金: 4,555
2026-06-01 02:39:48,204 | INFO | 🔧 ML模型重训完成 | 样本: 627093
2026-06-01 02:40:21,728 | INFO | 🔧 ML模型重训完成 | 样本: 631753
2026-06-01 02:40:22,175 | INFO | 📊 进度: 2021-07-27 | 现金: 267
2026-06-01 02:40:55,475 | INFO | 🔧 ML模型重训完成 | 样本: 637825
2026-06-01 02:40:57,901 | INFO | 📊 进度: 2021-10-14 | 现金: 216
2026-06-01 02:41:29,912 | INFO | 🔧 ML模型重训完成 | 样本: 646451
2026-06-01 02:42:04,339 | INFO | 🔧 ML模型重训完成 | 样本: 656446
2026-06-01 02:42:05,954 | INFO | 📊 进度: 2021-12-23 | 现金: 2,866
2026-06-01 02:42:38,838 | INFO | 🔧 ML模型重训完成 | 样本: 667151
2026-06-01 02:43:14,673 | INFO | 🔧 ML模型重训完成 | 样本: 679891
2026-06-01 02:43:15,218 | INFO | 📊 进度: 2022-03-11 | 现金: 124
2026-06-01 02:43:51,286 | INFO | 🔧 ML模型重训完成 | 样本: 693754
2026-06-01 02:43:54,296 | INFO | 📊 进度: 2022-05-27 | 现金: 424
2026-06-01 02:44:28,792 | INFO | 🔧 ML模型重训完成 | 样本: 706432
2026-06-01 02:45:06,925 | INFO | 🔧 ML模型重训完成 | 样本: 717385
2026-06-01 02:45:08,818 | INFO | 📊 进度: 2022-08-08 | 现金: 2,742
2026-06-01 02:45:45,658 | INFO | 🔧 ML模型重训完成 | 样本: 728331
2026-06-01 02:46:24,491 | INFO | 🔧 ML模型重训完成 | 样本: 740715
2026-06-01 02:46:25,059 | INFO | 📊 进度: 2022-10-25 | 现金: 13
2026-06-01 02:47:05,184 | INFO | 🔧 ML模型重训完成 | 样本: 752925
2026-06-01 02:47:08,266 | INFO | 📊 进度: 2023-01-04 | 现金: 26,798
2026-06-01 02:47:46,486 | INFO | 🔧 ML模型重训完成 | 样本: 765189
2026-06-01 02:48:27,388 | INFO | 🔧 ML模型重训完成 | 样本: 777642
2026-06-01 02:48:29,331 | INFO | 📊 进度: 2023-03-22 | 现金: 288
2026-06-01 02:49:09,540 | INFO | 🔧 ML模型重训完成 | 样本: 789448
2026-06-01 02:49:52,664 | INFO | 🔧 ML模型重训完成 | 样本: 799683
2026-06-01 02:49:53,312 | INFO | 📊 进度: 2023-06-06 | 现金: 5,872
2026-06-01 02:50:35,849 | INFO | 🔧 ML模型重训完成 | 样本: 807795
2026-06-01 02:50:39,436 | INFO | 📊 进度: 2023-08-17 | 现金: 3,950
2026-06-01 02:51:18,836 | INFO | 🔧 ML模型重训完成 | 样本: 815780
2026-06-01 02:52:02,929 | INFO | 🔧 ML模型重训完成 | 样本: 824155
2026-06-01 02:52:05,244 | INFO | 📊 进度: 2023-11-03 | 现金: 667
2026-06-01 02:52:46,814 | INFO | 🔧 ML模型重训完成 | 样本: 833033
2026-06-01 02:52:50,778 | INFO | 📊 生成图表...
2026-06-01 02:52:51,583 | INFO | ✅ 全部完成
